<?xml version="1.0" encoding="UTF-8"?>
<testng-results skipped="0" failed="0" ignored="0" total="1" passed="1">
  <reporter-output>
  </reporter-output>
  <suite name="Default suite" duration-ms="71929" started-at="2022-07-07T16:57:20 IST" finished-at="2022-07-07T16:58:31 IST">
    <groups>
    </groups>
    <test name="Default test" duration-ms="71929" started-at="2022-07-07T16:57:20 IST" finished-at="2022-07-07T16:58:31 IST">
      <class name="com.gcr.scripts.RegisterScript">
        <test-method status="PASS" signature="generateReport()[pri:0, instance:com.gcr.scripts.RegisterScript@63440df3]" name="generateReport" is-config="true" duration-ms="363" started-at="2022-07-07T16:57:20 IST" finished-at="2022-07-07T16:57:20 IST">
          <reporter-output>
          </reporter-output>
        </test-method> <!-- generateReport -->
        <test-method status="PASS" signature="beforeClass()[pri:0, instance:com.gcr.scripts.RegisterScript@63440df3]" name="beforeClass" is-config="true" duration-ms="6041" started-at="2022-07-07T16:57:20 IST" finished-at="2022-07-07T16:57:26 IST">
          <reporter-output>
          </reporter-output>
        </test-method> <!-- beforeClass -->
        <test-method status="PASS" signature="methodName(java.lang.reflect.Method)[pri:0, instance:com.gcr.scripts.RegisterScript@63440df3]" name="methodName" is-config="true" duration-ms="16" started-at="2022-07-07T16:57:26 IST" finished-at="2022-07-07T16:57:26 IST">
          <params>
            <param index="0">
              <value>
                <![CDATA[public void com.gcr.scripts.RegisterScript.RegisterScriptTestCase() throws java.lang.Exception]]>
              </value>
            </param>
          </params>
          <reporter-output>
          </reporter-output>
        </test-method> <!-- methodName -->
        <test-method status="PASS" signature="RegisterScriptTestCase()[pri:0, instance:com.gcr.scripts.RegisterScript@63440df3]" name="RegisterScriptTestCase" duration-ms="62196" started-at="2022-07-07T16:57:26 IST" finished-at="2022-07-07T16:58:28 IST">
          <reporter-output>
          </reporter-output>
        </test-method> <!-- RegisterScriptTestCase -->
        <test-method status="PASS" signature="afterClass()[pri:0, instance:com.gcr.scripts.RegisterScript@63440df3]" name="afterClass" is-config="true" duration-ms="3227" started-at="2022-07-07T16:58:28 IST" finished-at="2022-07-07T16:58:31 IST">
          <reporter-output>
          </reporter-output>
        </test-method> <!-- afterClass -->
      </class> <!-- com.gcr.scripts.RegisterScript -->
    </test> <!-- Default test -->
  </suite> <!-- Default suite -->
</testng-results>
